<?xml version="1.0" encoding="UTF-8"?>
<!-- Generated by org.testng.reporters.JUnitReportReporter -->
<testsuite skipped="0" hostname="DESKTOP-1CO8AH3" name="testScripts.CaseStudyTest" tests="5" failures="0" timestamp="2023-03-15T16:33:32 IST" time="39.603" errors="0">
  <testcase name="log" time="9.384" classname="testScripts.CaseStudyTest"/>
  <system-out/>
  <testcase name="addItem" time="5.481" classname="testScripts.CaseStudyTest"/>
  <system-out/>
  <testcase name="addItem" time="5.081" classname="testScripts.CaseStudyTest"/>
  <system-out/>
  <testcase name="addItem" time="5.263" classname="testScripts.CaseStudyTest"/>
  <system-out/>
  <testcase name="purchase" time="14.394" classname="testScripts.CaseStudyTest"/>
  <system-out/>
</testsuite> <!-- testScripts.CaseStudyTest -->
