<?xml version="1.0" encoding="UTF-8"?>
<!-- Generated by org.testng.reporters.JUnitReportReporter -->
<testsuite skipped="0" hostname="DESKTOP-1CO8AH3" name="testScripts.TestClass" tests="1" failures="0" timestamp="2023-03-11T11:24:13 IST" time="11.149" errors="0">
  <testcase name="login" time="11.149" classname="testScripts.TestClass"/>
  <system-out/>
</testsuite> <!-- testScripts.TestClass -->
